2025-04-15 04:05:45,273 - drugdeck - INFO - ======= DrugDeck Application Started =======
2025-04-15 04:05:45,273 - drugdeck - INFO - Environment variables loaded
2025-04-15 04:05:45,273 - drugdeck - INFO - Configuration loaded successfully
2025-04-15 04:05:45,273 - drugdeck - INFO - Output directory already exists: reports
2025-04-15 04:05:47,098 - drugdeck - INFO - Processing NDC: 76162-777 (original input: 76162-777)
2025-04-15 04:05:47,099 - drugdeck - INFO - Initializing FDA client
2025-04-15 04:05:47,099 - drugdeck.fda_client - INFO - FDA client initialized
2025-04-15 04:05:47,099 - drugdeck - INFO - Fetching drug information for NDC: 76162-777
2025-04-15 04:05:47,099 - drugdeck.fda_client - INFO - Searching for drug with NDC: 76162-777 in local data
2025-04-15 04:05:47,099 - drugdeck.fda_client - INFO - Local data file opened: data/drug-ndc.json
2025-04-15 04:05:48,403 - drugdeck.fda_client - INFO - Local data loaded in 1.30 seconds
2025-04-15 04:05:48,403 - drugdeck.fda_client - INFO - Drug found with NDC: 76162-777
2025-04-15 04:05:48,504 - drugdeck - INFO - Drug info fetch completed in 1.41 seconds
2025-04-15 04:05:48,504 - drugdeck - INFO - Drug model created: Topcare Stool Softener (DOCUSATE SODIUM)
2025-04-15 04:05:48,504 - drugdeck - INFO - Fetching FDA label information
2025-04-15 04:05:48,504 - drugdeck.fda_client - INFO - Fetching drug label for NDC: 76162-777 from FDA API
2025-04-15 04:05:50,003 - drugdeck.fda_client - INFO - FDA API response received in 1.50 seconds (status: 200)
2025-04-15 04:05:50,005 - drugdeck.fda_client - INFO - Drug label found for NDC: 76162-777
2025-04-15 04:05:50,006 - drugdeck - INFO - FDA label fetch completed in 1.50 seconds
2025-04-15 04:05:50,006 - drugdeck - INFO - FDA label information retrieved successfully
2025-04-15 04:05:50,006 - drugdeck - INFO - Setting up AI insights
2025-04-15 04:05:50,006 - drugdeck - INFO - Placeholder AI insights created
2025-04-15 04:05:50,006 - drugdeck - INFO - Compiling report
2025-04-15 04:05:50,007 - drugdeck - INFO - Report compilation completed in 0.00 seconds
2025-04-15 04:05:50,007 - drugdeck - INFO - Generating PDF report: reports/76162-777_drug_report.pdf
2025-04-15 04:05:50,007 - drugdeck.pdf_generator - INFO - PDF Generator initialized
2025-04-15 04:05:50,008 - drugdeck.pdf_generator - INFO - Generating PDF report: reports/76162-777_drug_report.pdf
2025-04-15 04:05:50,010 - drugdeck.pdf_generator - INFO - Adding FDA label information to PDF
2025-04-15 04:05:50,178 - drugdeck.pdf_generator - INFO - PDF report generated in 0.17 seconds: reports/76162-777_drug_report.pdf
2025-04-15 04:05:50,178 - drugdeck - INFO - PDF generation completed in 0.17 seconds
2025-04-15 04:05:50,178 - drugdeck - INFO - Drug report generated successfully: reports/76162-777_drug_report.pdf
2025-04-15 04:05:50,179 - drugdeck - INFO - JSON data saved: reports/76162-777_drug_report.json
2025-04-15 04:05:50,179 - drugdeck - INFO - Total execution time: 4.91 seconds
2025-04-15 04:05:50,179 - drugdeck - INFO - ======= DrugDeck Application Completed =======
