2025-04-15 04:05:54,249 - drugdeck - INFO - ======= DrugDeck Application Started =======
2025-04-15 04:05:54,249 - drugdeck - INFO - Environment variables loaded
2025-04-15 04:05:54,249 - drugdeck - INFO - Configuration loaded successfully
2025-04-15 04:05:54,249 - drugdeck - INFO - Output directory already exists: reports
2025-04-15 04:05:54,718 - drugdeck - INFO - Processing NDC: 76162-777 (original input: 76162-777)
2025-04-15 04:05:54,718 - drugdeck - INFO - Initializing FDA client
2025-04-15 04:05:54,718 - drugdeck.fda_client - INFO - FDA client initialized
2025-04-15 04:05:54,718 - drugdeck - INFO - Fetching drug information for NDC: 76162-777
2025-04-15 04:05:54,718 - drugdeck.fda_client - INFO - Searching for drug with NDC: 76162-777 in local data
2025-04-15 04:05:54,719 - drugdeck.fda_client - INFO - Local data file opened: data/drug-ndc.json
2025-04-15 04:05:55,840 - drugdeck.fda_client - INFO - Local data loaded in 1.12 seconds
2025-04-15 04:05:55,840 - drugdeck.fda_client - INFO - Drug found with NDC: 76162-777
2025-04-15 04:05:55,941 - drugdeck - INFO - Drug info fetch completed in 1.22 seconds
2025-04-15 04:05:55,941 - drugdeck - INFO - Drug model created: Topcare Stool Softener (DOCUSATE SODIUM)
2025-04-15 04:05:55,941 - drugdeck - INFO - Fetching FDA label information
2025-04-15 04:05:55,941 - drugdeck.fda_client - INFO - Fetching drug label for NDC: 76162-777 from FDA API
2025-04-15 04:05:57,373 - drugdeck.fda_client - INFO - FDA API response received in 1.43 seconds (status: 200)
2025-04-15 04:05:57,375 - drugdeck.fda_client - INFO - Drug label found for NDC: 76162-777
2025-04-15 04:05:57,376 - drugdeck - INFO - FDA label fetch completed in 1.43 seconds
2025-04-15 04:05:57,376 - drugdeck - INFO - FDA label information retrieved successfully
2025-04-15 04:05:57,376 - drugdeck - INFO - Setting up AI insights
2025-04-15 04:05:57,376 - drugdeck - INFO - Placeholder AI insights created
2025-04-15 04:05:57,376 - drugdeck - INFO - Compiling report
2025-04-15 04:05:57,376 - drugdeck - INFO - Report compilation completed in 0.00 seconds
2025-04-15 04:05:57,376 - drugdeck - INFO - Generating PDF report: reports/76162-777_drug_report.pdf
2025-04-15 04:05:57,377 - drugdeck.pdf_generator - INFO - PDF Generator initialized
2025-04-15 04:05:57,377 - drugdeck.pdf_generator - INFO - Generating PDF report: reports/76162-777_drug_report.pdf
2025-04-15 04:05:57,380 - drugdeck.pdf_generator - INFO - Adding FDA label information to PDF
2025-04-15 04:05:57,545 - drugdeck.pdf_generator - INFO - PDF report generated in 0.17 seconds: reports/76162-777_drug_report.pdf
2025-04-15 04:05:57,545 - drugdeck - INFO - PDF generation completed in 0.17 seconds
2025-04-15 04:05:57,545 - drugdeck - INFO - Drug report generated successfully: reports/76162-777_drug_report.pdf
2025-04-15 04:05:57,546 - drugdeck - INFO - JSON data saved: reports/76162-777_drug_report.json
2025-04-15 04:05:57,546 - drugdeck - INFO - Total execution time: 3.30 seconds
2025-04-15 04:05:57,546 - drugdeck - INFO - ======= DrugDeck Application Completed =======
