2025-04-15 04:06:05,772 - drugdeck - INFO - ======= DrugDeck Application Started =======
2025-04-15 04:06:05,773 - drugdeck - INFO - Environment variables loaded
2025-04-15 04:06:05,773 - drugdeck - INFO - Configuration loaded successfully
2025-04-15 04:06:05,773 - drugdeck - INFO - Output directory already exists: reports
2025-04-15 04:06:06,379 - drugdeck - INFO - Processing NDC: 76162-777 (original input: 76162-777)
2025-04-15 04:06:06,379 - drugdeck - INFO - Initializing FDA client
2025-04-15 04:06:06,379 - drugdeck.fda_client - INFO - FDA client initialized
2025-04-15 04:06:06,379 - drugdeck - INFO - Fetching drug information for NDC: 76162-777
2025-04-15 04:06:06,379 - drugdeck.fda_client - INFO - Searching for drug with NDC: 76162-777 in local data
2025-04-15 04:06:06,379 - drugdeck.fda_client - INFO - Local data file opened: data/drug-ndc.json
2025-04-15 04:06:07,505 - drugdeck.fda_client - INFO - Local data loaded in 1.13 seconds
2025-04-15 04:06:07,505 - drugdeck.fda_client - INFO - Drug found with NDC: 76162-777
2025-04-15 04:06:07,606 - drugdeck - INFO - Drug info fetch completed in 1.23 seconds
2025-04-15 04:06:07,606 - drugdeck - INFO - Drug model created: Topcare Stool Softener (DOCUSATE SODIUM)
2025-04-15 04:06:07,606 - drugdeck - INFO - Fetching FDA label information
2025-04-15 04:06:07,606 - drugdeck.fda_client - INFO - Fetching drug label for NDC: 76162-777 from FDA API
2025-04-15 04:06:09,159 - drugdeck.fda_client - INFO - FDA API response received in 1.55 seconds (status: 200)
2025-04-15 04:06:09,160 - drugdeck.fda_client - INFO - Drug label found for NDC: 76162-777
2025-04-15 04:06:09,160 - drugdeck - INFO - FDA label fetch completed in 1.55 seconds
2025-04-15 04:06:09,160 - drugdeck - INFO - FDA label information retrieved successfully
2025-04-15 04:06:09,160 - drugdeck - INFO - Setting up AI insights
2025-04-15 04:06:09,160 - drugdeck - INFO - Placeholder AI insights created
2025-04-15 04:06:09,160 - drugdeck - INFO - Compiling report
2025-04-15 04:06:09,160 - drugdeck - INFO - Report compilation completed in 0.00 seconds
2025-04-15 04:06:09,160 - drugdeck - INFO - Generating PDF report: reports/76162-777_drug_report.pdf
2025-04-15 04:06:09,160 - drugdeck.pdf_generator - INFO - PDF Generator initialized
2025-04-15 04:06:09,160 - drugdeck.pdf_generator - INFO - Generating PDF report: reports/76162-777_drug_report.pdf
2025-04-15 04:06:09,161 - drugdeck.pdf_generator - INFO - Adding FDA label information to PDF
2025-04-15 04:06:09,331 - drugdeck.pdf_generator - INFO - PDF report generated in 0.17 seconds: reports/76162-777_drug_report.pdf
2025-04-15 04:06:09,331 - drugdeck - INFO - PDF generation completed in 0.17 seconds
2025-04-15 04:06:09,331 - drugdeck - INFO - Drug report generated successfully: reports/76162-777_drug_report.pdf
2025-04-15 04:06:09,332 - drugdeck - INFO - JSON data saved: reports/76162-777_drug_report.json
2025-04-15 04:06:09,332 - drugdeck - INFO - Total execution time: 3.56 seconds
2025-04-15 04:06:09,332 - drugdeck - INFO - ======= DrugDeck Application Completed =======
